spring-projects/spring-boot: Last commit on 2025-04-15
elastic/elasticsearch: Last commit on 2025-04-16
spring-projects/spring-framework: Last commit on 2025-04-15
NationalSecurityAgency/ghidra: Last commit on 2025-04-15
Stirling-Tools/Stirling-PDF: Last commit on 2025-04-15
google/guava: Last commit on 2025-04-15
ReactiveX/RxJava: Last commit on 2025-04-15
skylot/jadx: Last commit on 2025-04-15
dbeaver/dbeaver: Last commit on 2025-04-15
apache/dubbo: Last commit on 2025-04-12
termux/termux-app: Last commit on 2025-03-29
PhilJay/MPAndroidChart: Last commit on 2021-06-21
airbnb/lottie-android: Last commit on 2025-04-10
bumptech/glide: Last commit on 2025-04-15
netty/netty: Last commit on 2025-04-16
Blankj/AndroidUtilCode: Last commit on 2024-05-11
TeamNewPipe/NewPipe: Last commit on 2025-04-11
zxing/zxing: Last commit on 2025-02-10
SeleniumHQ/selenium: Last commit on 2025-04-16
alibaba/nacos: Last commit on 2025-04-14
apache/kafka: Last commit on 2025-04-16
chinabugotech/hutool: Last commit on 2025-04-02
apolloconfig/apollo: Last commit on 2025-04-11
alibaba/spring-cloud-alibaba: Last commit on 2024-11-28
keycloak/keycloak: Last commit on 2025-04-16
DrKLO/Telegram: Last commit on 2025-03-26
alibaba/fastjson: Last commit on 2023-05-12
apache/incubator-seata: Last commit on 2025-04-12
JakeWharton/butterknife: Last commit on 2020-09-04
apache/flink: Last commit on 2025-04-16
greenrobot/EventBus: Last commit on 2022-07-11
Netflix/Hystrix: Last commit on 2023-05-20
apache/skywalking: Last commit on 2025-04-16
bazelbuild/bazel: Last commit on 2025-04-16
libgdx/libgdx: Last commit on 2025-04-09
jenkinsci/jenkins: Last commit on 2025-04-15
redisson/redisson: Last commit on 2025-04-14
google/gson: Last commit on 2025-04-14
Anuken/Mindustry: Last commit on 2025-04-16
OpenAPITools/openapi-generator: Last commit on 2025-04-16
CodePhiliaX/Chat2DB: Last commit on 2025-03-05
EnterpriseQualityCoding/FizzBuzzEnterpriseEdition: Last commit on 2019-12-18
yuliskov/SmartTube: Last commit on 2025-04-15
google/ExoPlayer: Last commit on 2024-07-25
iBotPeaches/Apktool: Last commit on 2025-04-15
apache/rocketmq: Last commit on 2025-04-16
openjdk/jdk: Last commit on 2025-04-16
oracle/graal: Last commit on 2025-04-16
conductor-oss/conductor: Last commit on 2025-04-14
apache/shardingsphere: Last commit on 2025-04-16
mybatis/mybatis-3: Last commit on 2025-04-12
ReactiveX/RxAndroid: Last commit on 2024-08-07
LSPosed/LSPosed: Last commit on 2024-01-07
Baseflow/PhotoView: Last commit on 2021-01-20
thingsboard/thingsboard: Last commit on 2025-04-15
JetBrains/intellij-community: Last commit on 2025-04-16
antlr/antlr4: Last commit on 2025-04-03
LMAX-Exchange/disruptor: Last commit on 2025-04-02
Tencent/tinker: Last commit on 2025-01-21
openzipkin/zipkin: Last commit on 2025-04-08
facebook/fresco: Last commit on 2025-04-11
infinilabs/analysis-ik: Last commit on 2025-04-16
kestra-io/kestra: Last commit on 2025-04-16
nostra13/Android-Universal-Image-Loader: Last commit on 2024-05-17
baomidou/mybatis-plus: Last commit on 2025-04-11
material-components/material-components-android: Last commit on 2025-04-07
ben-manes/caffeine: Last commit on 2025-04-16
Grasscutters/Grasscutter: Last commit on 2024-11-23
prestodb/presto: Last commit on 2025-04-15
android-hacker/VirtualXposed: Last commit on 2022-06-07
mockito/mockito: Last commit on 2025-04-12
questdb/questdb: Last commit on 2025-04-16
apache/hadoop: Last commit on 2025-04-15
Konloch/bytecode-viewer: Last commit on 2025-03-09
apache/pulsar: Last commit on 2025-04-15
hdodenhof/CircleImageView: Last commit on 2023-01-10
java-decompiler/jd-gui: Last commit on 2019-12-25
eclipse-vertx/vert.x: Last commit on 2025-04-10
elastic/logstash: Last commit on 2025-04-15
quarkusio/quarkus: Last commit on 2025-04-16
arduino/Arduino: Last commit on 2024-10-18
neo4j/neo4j: Last commit on 2024-12-03
supertokens/supertokens-core: Last commit on 2025-04-02
deeplearning4j/deeplearning4j: Last commit on 2025-04-10
GoogleContainerTools/jib: Last commit on 2025-03-20
theonedev/onedev: Last commit on 2025-04-01
orhanobut/logger: Last commit on 2021-05-02
Netflix/zuul: Last commit on 2025-04-07
apache/druid: Last commit on 2025-04-16
pinpoint-apm/pinpoint: Last commit on 2025-04-16
tink-crypto/tink: Last commit on 2024-04-17
apache/doris: Last commit on 2025-04-16
zaproxy/zaproxy: Last commit on 2025-04-14
sqshq/piggymetrics: Last commit on 2021-11-15
apache/dolphinscheduler: Last commit on 2025-04-15
projectlombok/lombok: Last commit on 2025-04-12
languagetool-org/languagetool: Last commit on 2025-04-16
Netflix/conductor: Last commit on 2023-12-13
facebook/stetho: Last commit on 2024-10-26
cryptomator/cryptomator: Last commit on 2025-04-15
pxb1988/dex2jar: Last commit on 2023-10-03
greenrobot/greenDAO: Last commit on 2024-04-30
google/guice: Last commit on 2025-04-08
zhihu/Matisse: Last commit on 2019-10-30
codecentric/spring-boot-admin: Last commit on 2025-04-15
Netflix/eureka: Last commit on 2024-05-29
kekingcn/kkFileView: Last commit on 2025-04-14
apache/zookeeper: Last commit on 2025-04-09
daimajia/AndroidSwipeLayout: Last commit on 2017-07-11
alibaba/COLA: Last commit on 2024-11-26
redis/jedis: Last commit on 2025-04-11
Yalantis/uCrop: Last commit on 2024-11-29
Tencent/VasSonic: Last commit on 2019-04-15
Tencent/matrix: Last commit on 2023-07-31
amitshekhariitbhu/android-interview-questions: Last commit on 2025-04-16
grpc/grpc-java: Last commit on 2025-04-15
code4craft/webmagic: Last commit on 2025-04-04
realm/realm-java: Last commit on 2025-01-10
Team-xManager/xManager: Last commit on 2025-01-08
plantuml/plantuml: Last commit on 2025-04-09
debezium/debezium: Last commit on 2025-04-16
OpenRefine/OpenRefine: Last commit on 2025-04-16
permissions-dispatcher/PermissionsDispatcher: Last commit on 2022-04-06